app/build/intermediates/proguard/release/aapt_rules.txt
# view AndroidManifest.xml #generated:16
-keep class com.sonicrobots.mr808.Main { <init>(...); }