app/build/outputs/proguard/release/mapping.txt
com.sonicrobots.mr808.Main -> com.sonicrobots.mr808.Main:
    void onCreate(android.os.Bundle) -> onCreate